<?xml version="1.0" encoding="UTF-8"?>
<coverage generated="1616544754939" clover="3.2.0">
  <project timestamp="1616544754940" name="All files">
    <metrics statements="28" coveredstatements="28" conditionals="7" coveredconditionals="7" methods="4" coveredmethods="4" elements="39" coveredelements="39" complexity="0" loc="28" ncloc="28" packages="1" files="1" classes="1"/>
    <file name="markov.js" path="/Users/chasewestover/Desktop/Rithm/w06/2/node-markov/markov.js">
      <metrics statements="28" coveredstatements="28" conditionals="7" coveredconditionals="7" methods="4" coveredmethods="4"/>
      <line num="8" count="4" type="stmt"/>
      <line num="9" count="4" type="stmt"/>
      <line num="10" count="4" type="stmt"/>
      <line num="24" count="4" type="stmt"/>
      <line num="25" count="4" type="stmt"/>
      <line num="26" count="4" type="stmt"/>
      <line num="27" count="10" type="cond" truecount="2" falsecount="0"/>
      <line num="28" count="8" type="stmt"/>
      <line num="31" count="2" type="stmt"/>
      <line num="34" count="4" type="cond" truecount="2" falsecount="0"/>
      <line num="35" count="1" type="stmt"/>
      <line num="37" count="3" type="stmt"/>
      <line num="40" count="4" type="stmt"/>
      <line num="46" count="3" type="stmt"/>
      <line num="47" count="3" type="stmt"/>
      <line num="48" count="3" type="stmt"/>
      <line num="49" count="3" type="stmt"/>
      <line num="50" count="3" type="stmt"/>
      <line num="51" count="250" type="cond" truecount="2" falsecount="0"/>
      <line num="52" count="123" type="stmt"/>
      <line num="53" count="123" type="stmt"/>
      <line num="55" count="127" type="stmt"/>
      <line num="56" count="127" type="stmt"/>
      <line num="58" count="250" type="stmt"/>
      <line num="59" count="250" type="stmt"/>
      <line num="61" count="3" type="stmt"/>
      <line num="67" count="379" type="stmt"/>
      <line num="70" count="1" type="stmt"/>
    </file>
  </project>
</coverage>
