<?xml version="1.0" encoding="UTF-8"?>
<coverage generated="1616542288754" clover="3.2.0">
  <project timestamp="1616542288754" name="All files">
    <metrics statements="27" coveredstatements="14" conditionals="7" coveredconditionals="4" methods="4" coveredmethods="2" elements="38" coveredelements="20" complexity="0" loc="27" ncloc="27" packages="1" files="1" classes="1"/>
    <file name="markov.js" path="/Users/kathuang/Desktop/Rithm20/Week-6/node-markov/markov.js">
      <metrics statements="27" coveredstatements="14" conditionals="7" coveredconditionals="4" methods="4" coveredmethods="2"/>
      <line num="8" count="2" type="stmt"/>
      <line num="9" count="2" type="stmt"/>
      <line num="10" count="2" type="stmt"/>
      <line num="24" count="2" type="stmt"/>
      <line num="25" count="2" type="stmt"/>
      <line num="26" count="2" type="stmt"/>
      <line num="27" count="6" type="cond" truecount="2" falsecount="0"/>
      <line num="28" count="4" type="stmt"/>
      <line num="31" count="2" type="stmt"/>
      <line num="34" count="2" type="cond" truecount="2" falsecount="0"/>
      <line num="35" count="1" type="stmt"/>
      <line num="37" count="1" type="stmt"/>
      <line num="40" count="2" type="stmt"/>
      <line num="48" count="0" type="stmt"/>
      <line num="49" count="0" type="stmt"/>
      <line num="50" count="0" type="stmt"/>
      <line num="51" count="0" type="stmt"/>
      <line num="52" count="0" type="cond" truecount="0" falsecount="2"/>
      <line num="53" count="0" type="stmt"/>
      <line num="54" count="0" type="stmt"/>
      <line num="56" count="0" type="stmt"/>
      <line num="57" count="0" type="stmt"/>
      <line num="58" count="0" type="stmt"/>
      <line num="59" count="0" type="stmt"/>
      <line num="61" count="0" type="stmt"/>
      <line num="67" count="0" type="stmt"/>
      <line num="70" count="1" type="stmt"/>
    </file>
  </project>
</coverage>
