{"/Users/chasewestover/Desktop/Rithm/w06/2/node-markov/markov.js": {"path":"/Users/chasewestover/Desktop/Rithm/w06/2/node-markov/markov.js","statementMap":{"0":{"start":{"line":8,"column":16},"end":{"line":8,"column":38}},"1":{"start":{"line":9,"column":4},"end":{"line":9,"column":39}},"2":{"start":{"line":10,"column":4},"end":{"line":10,"column":39}},"3":{"start":{"line":24,"column":16},"end":{"line":24,"column":18}},"4":{"start":{"line":25,"column":22},"end":{"line":25,"column":38}},"5":{"start":{"line":26,"column":4},"end":{"line":33,"column":5}},"6":{"start":{"line":26,"column":16},"end":{"line":26,"column":17}},"7":{"start":{"line":27,"column":6},"end":{"line":32,"column":7}},"8":{"start":{"line":28,"column":8},"end":{"line":28,"column":41}},"9":{"start":{"line":31,"column":8},"end":{"line":31,"column":43}},"10":{"start":{"line":34,"column":4},"end":{"line":38,"column":5}},"11":{"start":{"line":35,"column":6},"end":{"line":35,"column":41}},"12":{"start":{"line":37,"column":6},"end":{"line":37,"column":39}},"13":{"start":{"line":40,"column":4},"end":{"line":40,"column":17}},"14":{"start":{"line":46,"column":13},"end":{"line":46,"column":14}},"15":{"start":{"line":47,"column":17},"end":{"line":47,"column":19}},"16":{"start":{"line":48,"column":18},"end":{"line":48,"column":54}},"17":{"start":{"line":49,"column":15},"end":{"line":49,"column":55}},"18":{"start":{"line":50,"column":4},"end":{"line":60,"column":5}},"19":{"start":{"line":51,"column":6},"end":{"line":57,"column":7}},"20":{"start":{"line":52,"column":8},"end":{"line":52,"column":33}},"21":{"start":{"line":53,"column":8},"end":{"line":53,"column":55}},"22":{"start":{"line":55,"column":8},"end":{"line":55,"column":32}},"23":{"start":{"line":56,"column":8},"end":{"line":56,"column":23}},"24":{"start":{"line":58,"column":6},"end":{"line":58,"column":54}},"25":{"start":{"line":59,"column":6},"end":{"line":59,"column":12}},"26":{"start":{"line":61,"column":4},"end":{"line":61,"column":46}},"27":{"start":{"line":67,"column":2},"end":{"line":67,"column":54}},"28":{"start":{"line":70,"column":0},"end":{"line":70,"column":32}}},"fnMap":{"0":{"name":"(anonymous_0)","decl":{"start":{"line":7,"column":2},"end":{"line":7,"column":3}},"loc":{"start":{"line":7,"column":20},"end":{"line":11,"column":3}},"line":7},"1":{"name":"(anonymous_1)","decl":{"start":{"line":23,"column":2},"end":{"line":23,"column":3}},"loc":{"start":{"line":23,"column":19},"end":{"line":41,"column":3}},"line":23},"2":{"name":"(anonymous_2)","decl":{"start":{"line":45,"column":2},"end":{"line":45,"column":3}},"loc":{"start":{"line":45,"column":26},"end":{"line":62,"column":3}},"line":45},"3":{"name":"pickRandomFromArray","decl":{"start":{"line":66,"column":9},"end":{"line":66,"column":28}},"loc":{"start":{"line":66,"column":33},"end":{"line":68,"column":1}},"line":66}},"branchMap":{"0":{"loc":{"start":{"line":27,"column":6},"end":{"line":32,"column":7}},"type":"if","locations":[{"start":{"line":27,"column":6},"end":{"line":32,"column":7}},{"start":{"line":27,"column":6},"end":{"line":32,"column":7}}],"line":27},"1":{"loc":{"start":{"line":34,"column":4},"end":{"line":38,"column":5}},"type":"if","locations":[{"start":{"line":34,"column":4},"end":{"line":38,"column":5}},{"start":{"line":34,"column":4},"end":{"line":38,"column":5}}],"line":34},"2":{"loc":{"start":{"line":45,"column":10},"end":{"line":45,"column":24}},"type":"default-arg","locations":[{"start":{"line":45,"column":21},"end":{"line":45,"column":24}}],"line":45},"3":{"loc":{"start":{"line":51,"column":6},"end":{"line":57,"column":7}},"type":"if","locations":[{"start":{"line":51,"column":6},"end":{"line":57,"column":7}},{"start":{"line":51,"column":6},"end":{"line":57,"column":7}}],"line":51}},"s":{"0":4,"1":4,"2":4,"3":4,"4":4,"5":4,"6":4,"7":10,"8":8,"9":2,"10":4,"11":1,"12":3,"13":4,"14":3,"15":3,"16":3,"17":3,"18":3,"19":250,"20":123,"21":123,"22":127,"23":127,"24":250,"25":250,"26":3,"27":379,"28":1},"f":{"0":4,"1":4,"2":3,"3":379},"b":{"0":[8,2],"1":[1,3],"2":[2],"3":[123,127]},"_coverageSchema":"1a1c01bbd47fc00a2c39e90264f33305004495a9","hash":"3350e774fa64eac55ab4be99c12121fff34304f2"}
}
