TN:
SF:markov.js
FN:7,(anonymous_0)
FN:23,(anonymous_1)
FN:47,(anonymous_2)
FN:66,pickRandomFromArray
FNF:4
FNH:2
FNDA:2,(anonymous_0)
FNDA:2,(anonymous_1)
FNDA:0,(anonymous_2)
FNDA:0,pickRandomFromArray
DA:8,2
DA:9,2
DA:10,2
DA:24,2
DA:25,2
DA:26,2
DA:27,6
DA:28,4
DA:31,2
DA:34,2
DA:35,1
DA:37,1
DA:40,2
DA:48,0
DA:49,0
DA:50,0
DA:51,0
DA:52,0
DA:53,0
DA:54,0
DA:56,0
DA:57,0
DA:58,0
DA:59,0
DA:61,0
DA:67,0
DA:70,1
LF:27
LH:14
BRDA:27,0,0,4
BRDA:27,0,1,2
BRDA:34,1,0,1
BRDA:34,1,1,1
BRDA:47,2,0,0
BRDA:52,3,0,0
BRDA:52,3,1,0
BRF:7
BRH:4
end_of_record
