TN:
SF:markov.js
FN:7,(anonymous_0)
FN:23,(anonymous_1)
FN:45,(anonymous_2)
FN:66,pickRandomFromArray
FNF:4
FNH:4
FNDA:4,(anonymous_0)
FNDA:4,(anonymous_1)
FNDA:3,(anonymous_2)
FNDA:379,pickRandomFromArray
DA:8,4
DA:9,4
DA:10,4
DA:24,4
DA:25,4
DA:26,4
DA:27,10
DA:28,8
DA:31,2
DA:34,4
DA:35,1
DA:37,3
DA:40,4
DA:46,3
DA:47,3
DA:48,3
DA:49,3
DA:50,3
DA:51,250
DA:52,123
DA:53,123
DA:55,127
DA:56,127
DA:58,250
DA:59,250
DA:61,3
DA:67,379
DA:70,1
LF:28
LH:28
BRDA:27,0,0,8
BRDA:27,0,1,2
BRDA:34,1,0,1
BRDA:34,1,1,3
BRDA:45,2,0,2
BRDA:51,3,0,123
BRDA:51,3,1,127
BRF:7
BRH:7
end_of_record
